*** Now run 'gdb' in another window.

xv6 kernel is booting

hart 1 starting
hart 2 starting
init: starting sh
$ bigfile
..
wrote 270 blocks
public testcase 1: ok
..................................................................
wrote 6666 blocks
public testcase 2: ok
.......... 1000
.......... 2000
.......... 3000
.......... 4000
.......... 5000
.......... 6000
.......... 7000
.......
wrote 7777 blocks
.......... 1000
.......... 2000
.......... 3000
.......... 4000
.......... 5000
.......... 6000
.......... 7000
.......
wrote 7777 blocks, again
cucumber testcase 1: ok
.......... 1000
.......... 2000
.......... 3000
.......... 4000
.......... 5000
.......... 6000
.......... 7000
.......... 8000
.......... 9000
.......... 10000
.......... 11000
.......... 12000
.......... 13000
.......... 14000
.......... 15000
.......... 16000
.......... 17000
.......... 18000
.......... 19000
.......... 20000
.......... 21000
.......... 22000
.......... 23000
.......... 24000
.......... 25000
.......... 26000
.......... 27000
.......... 28000
.......... 29000
.......... 30000
.......... 31000
.......... 32000
.......... 33000
.......... 34000
.......... 35000
.......... 36000
.......... 37000
.......... 38000
.......... 39000
.......... 40000
.......... 41000
.......... 42000
.......... 43000
.......... 44000
.......... 45000
.......... 46000
.......... 47000
.......... 48000
.......... 49000
.......... 50000
.......... 51000
.......... 52000
.......... 53000
.......... 54000
.......... 55000
.......... 56000
.......... 57000
.......... 58000
.......... 59000
.......... 60000
.......... 61000
.......... 62000
.......... 63000
.......... 64000
.......... 65000
.......... 66000
......
wrote 66666 blocks
cucumber testcase 2: ok
$ qemu-system-riscv64: terminating on signal 15 from pid 1367 (make)
